TN:
SF:src\entities\id\id.ts
FN:5,(anonymous_1)
FN:9,(anonymous_2)
FN:16,(anonymous_3)
FNF:3
FNH:3
FNDA:26,(anonymous_1)
FNDA:26,(anonymous_2)
FNDA:19,(anonymous_3)
DA:1,1
DA:6,26
DA:10,26
DA:11,13
DA:13,13
DA:17,19
DA:18,1
DA:20,18
DA:21,5
DA:23,13
DA:28,1
LF:11
LH:11
BRDA:10,0,0,13
BRDA:10,0,1,13
BRDA:17,1,0,1
BRDA:17,1,1,18
BRDA:20,2,0,5
BRDA:20,2,1,13
BRF:6
BRH:6
end_of_record
TN:
SF:src\entities\id\errors\id-validation-error.ts
FN:3,(anonymous_0)
FNF:1
FNH:1
FNDA:4,(anonymous_0)
DA:1,1
DA:2,4
DA:4,4
LF:3
LH:3
BRF:0
BRH:0
end_of_record
TN:
SF:src\entities\interfaces\todo.ts
FN:1,(anonymous_0)
FNF:1
FNH:1
FNDA:1,(anonymous_0)
DA:1,1
DA:2,1
DA:3,1
DA:4,1
DA:9,1
DA:33,1
LF:6
LH:6
BRDA:1,0,0,1
BRDA:1,0,1,1
BRF:2
BRH:2
end_of_record
TN:
SF:src\entities\todo\todo-description.ts
FN:6,(anonymous_0)
FN:10,(anonymous_1)
FN:17,(anonymous_2)
FNF:3
FNH:3
FNDA:30,(anonymous_0)
FNDA:32,(anonymous_1)
FNDA:36,(anonymous_2)
DA:1,1
DA:2,1
DA:7,30
DA:11,32
DA:12,2
DA:14,30
DA:18,36
DA:19,5
DA:22,31
DA:26,1
LF:10
LH:10
BRDA:11,0,0,2
BRDA:11,0,1,30
BRDA:18,1,0,5
BRDA:18,1,1,31
BRDA:18,2,0,36
BRDA:18,2,1,33
BRDA:18,2,2,32
BRF:7
BRH:7
end_of_record
TN:
SF:src\entities\todo\todo-name.ts
FN:6,(anonymous_0)
FN:10,(anonymous_1)
FN:17,(anonymous_2)
FNF:3
FNH:3
FNDA:31,(anonymous_0)
FNDA:38,(anonymous_1)
FNDA:42,(anonymous_2)
DA:1,1
DA:2,1
DA:7,31
DA:11,38
DA:12,7
DA:14,31
DA:18,42
DA:19,10
DA:22,32
DA:26,1
LF:10
LH:10
BRDA:11,0,0,7
BRDA:11,0,1,31
BRDA:18,1,0,10
BRDA:18,1,1,32
BRDA:18,2,0,42
BRDA:18,2,1,34
BRDA:18,2,2,33
BRF:7
BRH:7
end_of_record
TN:
SF:src\entities\todo\todo-status.ts
FN:7,(anonymous_0)
FN:11,(anonymous_1)
FN:18,(anonymous_2)
FNF:3
FNH:3
FNDA:29,(anonymous_0)
FNDA:31,(anonymous_1)
FNDA:35,(anonymous_2)
DA:1,1
DA:2,1
DA:3,1
DA:8,29
DA:12,31
DA:13,2
DA:15,29
DA:19,35
DA:20,3
DA:22,32
DA:26,1
LF:11
LH:11
BRDA:12,0,0,2
BRDA:12,0,1,29
BRDA:19,1,0,3
BRDA:19,1,1,32
BRF:4
BRH:4
end_of_record
TN:
SF:src\entities\todo\todo.ts
FN:25,(anonymous_0)
FN:33,(anonymous_1)
FN:45,(anonymous_2)
FN:62,(anonymous_3)
FNF:4
FNH:4
FNDA:24,(anonymous_0)
FNDA:18,(anonymous_1)
FNDA:18,(anonymous_2)
FNDA:36,(anonymous_3)
DA:3,1
DA:4,1
DA:5,1
DA:6,1
DA:8,1
DA:9,1
DA:26,24
DA:27,24
DA:28,24
DA:29,24
DA:30,24
DA:34,18
DA:39,18
DA:40,6
DA:42,12
DA:46,18
DA:51,18
DA:52,2
DA:54,16
DA:55,16
DA:56,4
DA:58,12
DA:59,12
DA:63,36
DA:64,36
DA:65,6
DA:67,30
DA:68,30
DA:69,1
DA:71,29
DA:72,29
DA:73,1
DA:75,28
DA:83,1
LF:34
LH:34
BRDA:29,0,0,12
BRDA:29,0,1,12
BRDA:29,1,0,24
BRDA:29,1,1,24
BRDA:29,2,0,12
BRDA:29,2,1,12
BRDA:29,3,0,24
BRDA:29,3,1,24
BRDA:30,4,0,12
BRDA:30,4,1,12
BRDA:30,5,0,24
BRDA:30,5,1,24
BRDA:39,6,0,6
BRDA:39,6,1,12
BRDA:51,7,0,2
BRDA:51,7,1,16
BRDA:55,8,0,4
BRDA:55,8,1,12
BRDA:64,9,0,6
BRDA:64,9,1,30
BRDA:68,10,0,1
BRDA:68,10,1,29
BRDA:72,11,0,1
BRDA:72,11,1,28
BRF:24
BRH:24
end_of_record
TN:
SF:src\entities\todo-list\todo-list-name.ts
FN:6,(anonymous_0)
FN:10,(anonymous_1)
FN:17,(anonymous_2)
FNF:3
FNH:3
FNDA:17,(anonymous_0)
FNDA:21,(anonymous_1)
FNDA:25,(anonymous_2)
DA:1,1
DA:2,1
DA:7,17
DA:11,21
DA:12,4
DA:14,17
DA:18,25
DA:19,7
DA:22,18
DA:26,1
LF:10
LH:10
BRDA:11,0,0,4
BRDA:11,0,1,17
BRDA:18,1,0,7
BRDA:18,1,1,18
BRDA:18,2,0,25
BRDA:18,2,1,20
BRDA:18,2,2,19
BRF:7
BRH:7
end_of_record
TN:
SF:src\entities\todo-list\todo-list.ts
FN:15,(anonymous_0)
FN:21,(anonymous_1)
FN:34,(anonymous_2)
FN:41,(anonymous_3)
FNF:4
FNH:4
FNDA:12,(anonymous_0)
FNDA:11,(anonymous_1)
FNDA:7,(anonymous_2)
FNDA:7,(anonymous_3)
DA:1,1
DA:6,1
DA:7,1
DA:8,1
DA:9,1
DA:16,12
DA:17,12
DA:18,12
DA:22,11
DA:23,11
DA:24,2
DA:26,9
DA:27,9
DA:28,1
DA:31,8
DA:35,7
DA:36,7
DA:37,1
DA:39,6
DA:40,6
DA:41,6
DA:42,7
DA:43,7
DA:44,2
DA:48,2
DA:50,4
DA:51,1
DA:54,3
DA:59,1
LF:29
LH:29
BRDA:23,0,0,2
BRDA:23,0,1,9
BRDA:26,1,0,2
BRDA:26,1,1,7
BRDA:26,2,0,9
BRDA:26,2,1,9
BRDA:27,3,0,1
BRDA:27,3,1,8
BRDA:36,4,0,1
BRDA:36,4,1,6
BRDA:43,5,0,2
BRDA:43,5,1,5
BRDA:50,6,0,1
BRDA:50,6,1,3
BRF:14
BRH:14
end_of_record
TN:
SF:src\entities\todo-list\todos-embedded.ts
FN:11,(anonymous_0)
FN:15,(anonymous_1)
FN:24,(anonymous_2)
FN:33,(anonymous_3)
FN:34,(anonymous_4)
FN:42,(anonymous_5)
FN:43,(anonymous_6)
FN:50,(anonymous_7)
FN:51,(anonymous_8)
FN:67,(anonymous_9)
FNF:10
FNH:10
FNDA:54,(anonymous_0)
FNDA:13,(anonymous_1)
FNDA:9,(anonymous_2)
FNDA:7,(anonymous_3)
FNDA:5,(anonymous_4)
FNDA:8,(anonymous_5)
FNDA:5,(anonymous_6)
FNDA:8,(anonymous_7)
FNDA:7,(anonymous_8)
FNDA:32,(anonymous_9)
DA:1,1
DA:2,1
DA:7,1
DA:12,54
DA:16,13
DA:17,13
DA:18,3
DA:20,10
DA:21,10
DA:25,9
DA:26,9
DA:27,3
DA:29,6
DA:30,6
DA:34,7
DA:35,7
DA:36,2
DA:38,5
DA:39,5
DA:43,8
DA:44,8
DA:45,3
DA:47,5
DA:51,8
DA:52,8
DA:53,2
DA:55,6
DA:59,6
DA:60,6
DA:61,1
DA:63,5
DA:64,5
DA:68,32
DA:72,1
LF:34
LH:34
BRDA:11,0,0,4
BRDA:17,1,0,3
BRDA:17,1,1,10
BRDA:26,2,0,3
BRDA:26,2,1,6
BRDA:35,3,0,2
BRDA:35,3,1,5
BRDA:44,4,0,3
BRDA:44,4,1,5
BRDA:52,5,0,2
BRDA:52,5,1,6
BRDA:60,6,0,1
BRDA:60,6,1,5
BRF:13
BRH:13
end_of_record
TN:
SF:src\entities\todo-list\errors\invalid-todo-list-name.ts
FN:3,(anonymous_0)
FNF:1
FNH:1
FNDA:4,(anonymous_0)
DA:1,1
DA:2,4
DA:4,4
LF:3
LH:3
BRF:0
BRH:0
end_of_record
TN:
SF:src\entities\todo-list\errors\invalid-todos-on-list.ts
FN:3,(anonymous_0)
FNF:1
FNH:1
FNDA:4,(anonymous_0)
DA:1,1
DA:2,4
DA:4,4
LF:3
LH:3
BRF:0
BRH:0
end_of_record
TN:
SF:src\entities\todo-list\errors\invalid-user-id.ts
FN:3,(anonymous_0)
FNF:1
FNH:1
FNDA:2,(anonymous_0)
DA:1,1
DA:2,2
DA:4,2
LF:3
LH:3
BRF:0
BRH:0
end_of_record
TN:
SF:src\entities\todo\errors\index.ts
FNF:0
FNH:0
DA:1,1
DA:2,1
DA:3,1
LF:3
LH:3
BRF:0
BRH:0
end_of_record
TN:
SF:src\entities\todo\errors\invalid-description-error.ts
FN:3,(anonymous_0)
FNF:1
FNH:1
FNDA:2,(anonymous_0)
DA:1,1
DA:2,2
DA:4,2
LF:3
LH:3
BRF:0
BRH:0
end_of_record
TN:
SF:src\entities\todo\errors\invalid-name-error.ts
FN:3,(anonymous_0)
FNF:1
FNH:1
FNDA:7,(anonymous_0)
DA:1,1
DA:2,7
DA:4,7
LF:3
LH:3
BRF:0
BRH:0
end_of_record
TN:
SF:src\entities\todo\errors\invalid-status-error.ts
FN:3,(anonymous_0)
FNF:1
FNH:1
FNDA:2,(anonymous_0)
DA:1,1
DA:2,2
DA:4,2
LF:3
LH:3
BRF:0
BRH:0
end_of_record
TN:
SF:src\entities\user\user-email.ts
FN:7,(anonymous_0)
FN:11,(anonymous_1)
FN:18,(anonymous_2)
FNF:3
FNH:3
FNDA:12,(anonymous_0)
FNDA:16,(anonymous_1)
FNDA:18,(anonymous_2)
DA:1,1
DA:3,1
DA:8,12
DA:12,16
DA:13,4
DA:15,12
DA:19,18
DA:20,5
DA:22,13
DA:26,1
LF:10
LH:10
BRDA:12,0,0,4
BRDA:12,0,1,12
BRDA:19,1,0,5
BRDA:19,1,1,13
BRF:4
BRH:4
end_of_record
TN:
SF:src\entities\user\user-name.ts
FN:7,(anonymous_0)
FN:11,(anonymous_1)
FN:18,(anonymous_2)
FNF:3
FNH:3
FNDA:15,(anonymous_0)
FNDA:17,(anonymous_1)
FNDA:20,(anonymous_2)
DA:1,1
DA:3,1
DA:8,15
DA:12,17
DA:13,2
DA:15,15
DA:19,20
DA:20,4
DA:22,16
DA:26,1
LF:10
LH:10
BRDA:12,0,0,2
BRDA:12,0,1,15
BRDA:19,1,0,4
BRDA:19,1,1,16
BRDA:19,2,0,20
BRDA:19,2,1,17
BRF:6
BRH:6
end_of_record
TN:
SF:src\entities\user\user-password.ts
FN:7,(anonymous_0)
FN:11,(anonymous_1)
FN:18,(anonymous_2)
FNF:3
FNH:3
FNDA:10,(anonymous_0)
FNDA:13,(anonymous_1)
FNDA:17,(anonymous_2)
DA:1,1
DA:3,1
DA:8,10
DA:12,13
DA:13,3
DA:15,10
DA:19,17
DA:20,6
DA:22,11
DA:26,1
LF:10
LH:10
BRDA:12,0,0,3
BRDA:12,0,1,10
BRDA:19,1,0,6
BRDA:19,1,1,11
BRF:4
BRH:4
end_of_record
TN:
SF:src\entities\user\user.ts
FN:22,(anonymous_0)
FN:28,(anonymous_1)
FN:36,(anonymous_2)
FNF:3
FNH:3
FNDA:8,(anonymous_0)
FNDA:11,(anonymous_1)
FNDA:15,(anonymous_2)
DA:1,1
DA:7,1
DA:8,1
DA:9,1
DA:23,8
DA:24,8
DA:25,8
DA:29,11
DA:30,11
DA:31,3
DA:33,8
DA:37,15
DA:38,15
DA:39,1
DA:41,14
DA:42,14
DA:43,3
DA:45,11
DA:46,11
DA:47,2
DA:49,9
DA:57,1
LF:22
LH:22
BRDA:30,0,0,3
BRDA:30,0,1,8
BRDA:38,1,0,1
BRDA:38,1,1,14
BRDA:42,2,0,3
BRDA:42,2,1,11
BRDA:46,3,0,2
BRDA:46,3,1,9
BRF:8
BRH:8
end_of_record
TN:
SF:src\entities\user\errors\InvalidEmailError.ts
FN:3,(anonymous_0)
FNF:1
FNH:1
FNDA:4,(anonymous_0)
DA:1,1
DA:2,4
DA:4,4
LF:3
LH:3
BRF:0
BRH:0
end_of_record
TN:
SF:src\entities\user\errors\InvalidNameError.ts
FN:3,(anonymous_0)
FNF:1
FNH:1
FNDA:2,(anonymous_0)
DA:1,1
DA:2,2
DA:4,2
LF:3
LH:3
BRF:0
BRH:0
end_of_record
TN:
SF:src\entities\user\errors\InvalidPasswordError.ts
FN:3,(anonymous_0)
FNF:1
FNH:1
FNDA:3,(anonymous_0)
DA:1,1
DA:2,3
DA:4,3
LF:3
LH:3
BRF:0
BRH:0
end_of_record
TN:
SF:src\external-dependencies\repositories\mongo-todo-list-repository.ts
FN:15,(anonymous_7)
FN:21,(anonymous_9)
FN:38,(anonymous_11)
FN:41,(anonymous_13)
FN:44,(anonymous_14)
FN:60,(anonymous_16)
FNF:6
FNH:6
FNDA:17,(anonymous_7)
FNDA:28,(anonymous_9)
FNDA:3,(anonymous_11)
FNDA:3,(anonymous_13)
FNDA:4,(anonymous_14)
FNDA:11,(anonymous_16)
DA:4,1
DA:5,1
DA:8,1
DA:16,17
DA:17,17
DA:18,17
DA:22,28
DA:23,28
DA:24,28
DA:25,1
DA:27,27
DA:31,27
DA:32,1
DA:35,26
DA:39,3
DA:40,3
DA:41,3
DA:45,4
DA:46,4
DA:47,4
DA:48,1
DA:50,3
DA:54,3
DA:55,1
DA:57,2
DA:61,11
DA:62,11
DA:63,11
DA:64,1
DA:66,10
DA:72,10
DA:73,1
DA:75,9
DA:79,1
LF:34
LH:34
BRDA:24,0,0,1
BRDA:24,0,1,27
BRDA:31,1,0,1
BRDA:31,1,1,26
BRDA:47,2,0,1
BRDA:47,2,1,3
BRDA:54,3,0,1
BRDA:54,3,1,2
BRDA:63,4,0,1
BRDA:63,4,1,10
BRDA:72,5,0,1
BRDA:72,5,1,9
BRF:12
BRH:12
end_of_record
TN:
SF:src\external-dependencies\repositories\mongo-user-repository.ts
FN:8,(anonymous_7)
FN:14,(anonymous_9)
FNF:2
FNH:2
FNDA:16,(anonymous_7)
FNDA:10,(anonymous_9)
DA:2,1
DA:5,1
DA:9,16
DA:10,16
DA:11,16
DA:15,10
DA:16,10
DA:19,10
DA:20,4
DA:22,6
DA:26,1
LF:11
LH:11
BRDA:19,0,0,4
BRDA:19,0,1,6
BRF:2
BRH:2
end_of_record
TN:
SF:src\external-dependencies\repositories\helpers\convertMongoIdToNormalId.ts
FN:1,convertMongoIdToNormalId
FNF:1
FNH:1
FNDA:35,convertMongoIdToNormalId
DA:2,35
DA:3,35
DA:6,1
LF:3
LH:3
BRF:0
BRH:0
end_of_record
TN:
SF:src\external-dependencies\repositories\helpers\is-object-id.ts
FN:3,(anonymous_0)
FNF:1
FNH:1
FNDA:45,(anonymous_0)
DA:1,1
DA:3,1
DA:4,45
DA:5,4
DA:7,41
DA:10,1
LF:6
LH:6
BRDA:4,0,0,4
BRDA:4,0,1,41
BRF:2
BRH:2
end_of_record
TN:
SF:src\external-dependencies\security\bcrypt.ts
FN:6,(anonymous_8)
FN:11,(anonymous_10)
FNF:2
FNH:2
FNDA:18,(anonymous_8)
FNDA:8,(anonymous_10)
DA:1,1
DA:7,18
DA:8,18
DA:12,8
DA:13,8
DA:18,1
LF:6
LH:6
BRF:0
BRH:0
end_of_record
TN:
SF:src\external-dependencies\security\jwt.ts
FN:10,(anonymous_1)
FN:14,(anonymous_2)
FN:19,(anonymous_3)
FNF:3
FNH:3
FNDA:23,(anonymous_1)
FNDA:17,(anonymous_2)
FNDA:23,(anonymous_3)
DA:1,1
DA:3,1
DA:6,1
DA:11,23
DA:15,17
DA:16,17
DA:20,23
DA:21,23
DA:22,20
DA:24,3
DA:29,1
LF:11
LH:11
BRF:0
BRH:0
end_of_record
TN:
SF:src\external-dependencies\security\error\InvalidTokenError.ts
FN:3,(anonymous_0)
FNF:1
FNH:1
FNDA:5,(anonymous_0)
DA:1,1
DA:2,5
DA:4,5
LF:3
LH:3
BRF:0
BRH:0
end_of_record
TN:
SF:src\main\adapters\express-route-adapter.ts
FN:5,(anonymous_7)
FN:6,(anonymous_8)
FN:6,(anonymous_9)
FNF:3
FNH:3
FNDA:10,(anonymous_7)
FNDA:23,(anonymous_8)
FNDA:23,(anonymous_9)
DA:5,1
DA:6,23
DA:7,23
DA:12,23
DA:16,1
LF:5
LH:5
BRF:0
BRH:0
end_of_record
TN:
SF:src\main\configs\express-routes.ts
FN:19,(anonymous_0)
FNF:1
FNH:1
FNDA:1,(anonymous_0)
DA:3,1
DA:4,1
DA:17,1
DA:19,1
DA:20,1
DA:21,1
DA:22,1
DA:23,1
DA:24,1
DA:25,1
DA:26,1
DA:27,1
DA:28,1
DA:29,1
DA:32,1
LF:15
LH:15
BRF:0
BRH:0
end_of_record
TN:
SF:src\main\configs\express.ts
FN:10,(anonymous_1)
FNF:1
FNH:1
FNDA:1,(anonymous_1)
DA:1,1
DA:2,1
DA:4,1
DA:6,1
DA:8,1
DA:9,1
DA:10,1
DA:11,1
DA:16,1
DA:18,1
DA:20,1
LF:11
LH:11
BRF:0
BRH:0
end_of_record
TN:
SF:src\main\configs\mongodb.ts
FN:12,connectDatabase
FN:18,getCollection
FN:22,clearCollection
FNF:3
FNH:3
FNDA:7,connectDatabase
FNDA:89,getCollection
FNDA:39,clearCollection
DA:1,1
DA:3,1
DA:5,1
DA:13,7
DA:14,7
DA:15,7
DA:19,89
DA:23,39
DA:27,1
DA:28,1
DA:29,1
LF:11
LH:11
BRDA:3,0,0,0
BRDA:3,0,1,1
BRDA:3,1,0,1
BRDA:3,1,1,1
BRF:4
BRH:3
end_of_record
TN:
SF:src\main\factories\index.ts
FNF:0
FNH:0
DA:1,1
DA:2,1
DA:3,1
DA:4,1
DA:5,1
DA:6,1
DA:7,1
DA:8,1
DA:9,1
DA:10,1
DA:11,1
LF:11
LH:11
BRF:0
BRH:0
end_of_record
TN:
SF:src\main\factories\auth\authentication-verify.ts
FN:4,(anonymous_0)
FNF:1
FNH:1
FNDA:1,(anonymous_0)
DA:1,1
DA:2,1
DA:4,1
DA:5,1
DA:6,1
DA:7,1
DA:10,1
LF:7
LH:7
BRF:0
BRH:0
end_of_record
TN:
SF:src\main\factories\auth\authentication.ts
FN:7,(anonymous_0)
FNF:1
FNH:1
FNDA:1,(anonymous_0)
DA:1,1
DA:2,1
DA:3,1
DA:4,1
DA:5,1
DA:7,1
DA:8,1
DA:9,1
DA:10,1
DA:11,1
DA:12,1
DA:13,1
DA:16,1
LF:13
LH:13
BRF:0
BRH:0
end_of_record
TN:
SF:src\main\factories\todo\create-todo.ts
FN:5,(anonymous_0)
FNF:1
FNH:1
FNDA:1,(anonymous_0)
DA:1,1
DA:2,1
DA:3,1
DA:5,1
DA:6,1
DA:7,1
DA:8,1
DA:9,1
DA:12,1
LF:9
LH:9
BRF:0
BRH:0
end_of_record
TN:
SF:src\main\factories\todo\delete-todo.ts
FN:5,(anonymous_0)
FNF:1
FNH:1
FNDA:1,(anonymous_0)
DA:1,1
DA:2,1
DA:3,1
DA:5,1
DA:6,1
DA:7,1
DA:8,1
DA:9,1
DA:12,1
LF:9
LH:9
BRF:0
BRH:0
end_of_record
TN:
SF:src\main\factories\todo\find-all-todos.ts
FN:5,(anonymous_0)
FNF:1
FNH:1
FNDA:1,(anonymous_0)
DA:1,1
DA:2,1
DA:3,1
DA:5,1
DA:6,1
DA:7,1
DA:8,1
DA:9,1
DA:12,1
LF:9
LH:9
BRF:0
BRH:0
end_of_record
TN:
SF:src\main\factories\todo\find-todo.ts
FN:5,(anonymous_0)
FNF:1
FNH:1
FNDA:1,(anonymous_0)
DA:1,1
DA:2,1
DA:3,1
DA:5,1
DA:6,1
DA:7,1
DA:8,1
DA:9,1
DA:12,1
LF:9
LH:9
BRF:0
BRH:0
end_of_record
TN:
SF:src\main\factories\todo\update-todo.ts
FN:5,(anonymous_0)
FNF:1
FNH:1
FNDA:1,(anonymous_0)
DA:1,1
DA:2,1
DA:3,1
DA:5,1
DA:6,1
DA:7,1
DA:8,1
DA:9,1
DA:12,1
LF:9
LH:9
BRF:0
BRH:0
end_of_record
TN:
SF:src\main\factories\todo-list\create-todo-list.ts
FN:5,(anonymous_0)
FNF:1
FNH:1
FNDA:1,(anonymous_0)
DA:1,1
DA:2,1
DA:3,1
DA:5,1
DA:6,1
DA:7,1
DA:8,1
DA:9,1
DA:12,1
LF:9
LH:9
BRF:0
BRH:0
end_of_record
TN:
SF:src\main\factories\todo-list\delete-todo-list.ts
FN:5,(anonymous_0)
FNF:1
FNH:1
FNDA:1,(anonymous_0)
DA:1,1
DA:2,1
DA:3,1
DA:5,1
DA:6,1
DA:7,1
DA:8,1
DA:9,1
DA:12,1
LF:9
LH:9
BRF:0
BRH:0
end_of_record
TN:
SF:src\main\factories\todo-list\find-all-todo-lists.ts
FN:5,(anonymous_0)
FNF:1
FNH:1
FNDA:1,(anonymous_0)
DA:1,1
DA:2,1
DA:3,1
DA:5,1
DA:6,1
DA:7,1
DA:8,1
DA:9,1
DA:12,1
LF:9
LH:9
BRF:0
BRH:0
end_of_record
TN:
SF:src\main\factories\user\create-user.ts
FN:6,(anonymous_0)
FNF:1
FNH:1
FNDA:1,(anonymous_0)
DA:1,1
DA:2,1
DA:3,1
DA:4,1
DA:6,1
DA:7,1
DA:8,1
DA:9,1
DA:10,1
DA:11,1
DA:14,1
LF:11
LH:11
BRF:0
BRH:0
end_of_record
TN:
SF:src\main\middlewares\validate-jwt.ts
FN:9,(anonymous_0)
FN:17,(anonymous_1)
FNF:2
FNH:2
FNDA:20,(anonymous_0)
FNDA:19,(anonymous_1)
DA:3,1
DA:5,1
DA:7,1
DA:9,1
DA:10,20
DA:11,20
DA:12,1
DA:17,19
DA:18,19
DA:19,1
DA:24,18
DA:25,18
DA:29,1
LF:13
LH:13
BRDA:11,0,0,1
BRDA:11,0,1,19
BRDA:11,1,0,20
BRDA:11,1,1,19
BRDA:18,2,0,1
BRDA:18,2,1,18
BRF:6
BRH:6
end_of_record
TN:
SF:src\shared\either.ts
FN:4,(anonymous_0)
FN:8,(anonymous_1)
FN:12,(anonymous_2)
FN:20,(anonymous_3)
FN:24,(anonymous_4)
FN:28,(anonymous_5)
FN:35,(anonymous_6)
FN:39,(anonymous_7)
FNF:8
FNH:7
FNDA:123,(anonymous_0)
FNDA:123,(anonymous_1)
FNDA:0,(anonymous_2)
FNDA:339,(anonymous_3)
FNDA:303,(anonymous_4)
FNDA:30,(anonymous_5)
FNDA:123,(anonymous_6)
FNDA:339,(anonymous_7)
DA:1,1
DA:5,123
DA:9,123
DA:13,0
DA:17,1
DA:21,339
DA:25,303
DA:29,30
DA:35,1
DA:36,123
DA:39,1
DA:40,339
LF:12
LH:11
BRF:0
BRH:0
end_of_record
TN:
SF:src\shared\errors\unexpected-error.ts
FN:3,(anonymous_0)
FNF:1
FNH:1
FNDA:14,(anonymous_0)
DA:1,1
DA:2,14
DA:4,14
LF:3
LH:3
BRF:0
BRH:0
end_of_record
TN:
SF:src\tests\helper\before-test-helper.ts
FN:15,(anonymous_7)
FN:15,(anonymous_8)
FN:36,(anonymous_9)
FN:36,(anonymous_10)
FNF:4
FNH:4
FNDA:11,(anonymous_7)
FNDA:11,(anonymous_8)
FNDA:8,(anonymous_9)
FNDA:8,(anonymous_10)
DA:2,1
DA:3,1
DA:4,1
DA:5,1
DA:15,11
DA:16,11
DA:17,11
DA:18,11
DA:19,11
DA:20,11
DA:25,11
DA:26,11
DA:29,11
DA:36,8
DA:37,8
DA:38,8
DA:43,8
DA:44,8
DA:47,1
LF:19
LH:19
BRF:0
BRH:0
end_of_record
TN:
SF:src\tests\helper\fixtures\todo-fixture.ts
FN:5,(anonymous_0)
FN:11,(anonymous_1)
FNF:2
FNH:2
FNDA:1,(anonymous_0)
FNDA:48,(anonymous_1)
DA:1,1
DA:5,1
DA:6,1
DA:7,1
DA:8,1
DA:11,1
DA:12,48
DA:22,1
LF:8
LH:8
BRDA:5,0,0,1
BRDA:5,0,1,1
BRF:2
BRH:2
end_of_record
TN:
SF:src\tests\helper\fixtures\todo-list-fixture.ts
FN:7,(anonymous_0)
FNF:1
FNH:1
FNDA:32,(anonymous_0)
DA:1,1
DA:5,1
DA:7,1
DA:8,32
DA:17,1
LF:5
LH:5
BRF:0
BRH:0
end_of_record
TN:
SF:src\usecases\auth\authentication.ts
FN:14,(anonymous_7)
FN:20,(anonymous_8)
FNF:2
FNH:2
FNDA:8,(anonymous_7)
FNDA:9,(anonymous_8)
DA:2,1
DA:7,1
DA:8,1
DA:15,8
DA:16,8
DA:17,8
DA:21,9
DA:22,9
DA:23,2
DA:25,7
DA:26,2
DA:28,5
DA:31,5
DA:40,1
LF:14
LH:14
BRDA:22,0,0,2
BRDA:22,0,1,7
BRDA:25,1,0,2
BRDA:25,1,1,5
BRF:4
BRH:4
end_of_record
TN:
SF:src\usecases\auth\verify-authentication.ts
FN:9,(anonymous_7)
FN:13,(anonymous_8)
FNF:2
FNH:2
FNDA:3,(anonymous_7)
FNDA:21,(anonymous_8)
DA:1,1
DA:2,1
DA:10,3
DA:14,21
DA:15,21
DA:16,2
DA:18,19
DA:22,1
LF:8
LH:8
BRDA:15,0,0,2
BRDA:15,0,1,19
BRF:2
BRH:2
end_of_record
TN:
SF:src\usecases\auth\errors\AuthenticationFailedError.ts
FN:3,(anonymous_0)
FNF:1
FNH:1
FNDA:2,(anonymous_0)
DA:1,1
DA:2,2
DA:4,2
LF:3
LH:3
BRF:0
BRH:0
end_of_record
TN:
SF:src\usecases\shared\repository\in-memory-todo-list-repository.ts
FN:8,(anonymous_8)
FN:12,(anonymous_9)
FN:22,(anonymous_11)
FN:23,(anonymous_13)
FN:27,(anonymous_14)
FN:31,(anonymous_16)
FN:32,(anonymous_18)
FN:40,(anonymous_19)
FN:41,(anonymous_21)
FNF:9
FNH:9
FNDA:48,(anonymous_8)
FNDA:5,(anonymous_9)
FNDA:39,(anonymous_11)
FNDA:27,(anonymous_13)
FNDA:7,(anonymous_14)
FNDA:5,(anonymous_16)
FNDA:4,(anonymous_18)
FNDA:9,(anonymous_19)
FNDA:8,(anonymous_21)
DA:1,1
DA:9,48
DA:13,5
DA:14,5
DA:19,5
DA:23,39
DA:24,39
DA:28,7
DA:32,5
DA:33,5
DA:34,2
DA:36,3
DA:37,3
DA:41,9
DA:42,9
DA:43,1
DA:45,8
DA:49,8
DA:50,8
DA:54,1
LF:20
LH:20
BRDA:17,0,0,5
BRDA:17,0,1,0
BRDA:23,1,0,27
BRDA:23,1,1,27
BRDA:24,2,0,27
BRDA:24,2,1,12
BRDA:24,3,0,39
BRDA:24,3,1,39
BRDA:32,4,0,4
BRDA:32,4,1,3
BRDA:33,5,0,2
BRDA:33,5,1,3
BRDA:41,6,0,8
BRDA:41,6,1,8
BRDA:42,7,0,1
BRDA:42,7,1,8
BRF:16
BRH:15
end_of_record
TN:
SF:src\usecases\shared\repository\in-memory-user-repository.ts
FN:8,(anonymous_8)
FN:12,(anonymous_9)
FN:21,(anonymous_11)
FN:22,(anonymous_13)
FNF:4
FNH:4
FNDA:15,(anonymous_8)
FNDA:3,(anonymous_9)
FNDA:15,(anonymous_11)
FNDA:11,(anonymous_13)
DA:1,1
DA:9,15
DA:13,3
DA:14,3
DA:18,3
DA:22,15
DA:23,15
DA:27,1
LF:8
LH:8
BRDA:23,0,0,10
BRDA:23,0,1,5
BRDA:23,1,0,15
BRDA:23,1,1,15
BRF:4
BRH:4
end_of_record
TN:
SF:src\usecases\todo-list\create-new-todo-list\create-new-todo-list.ts
FN:12,(anonymous_7)
FN:16,(anonymous_8)
FNF:2
FNH:2
FNDA:6,(anonymous_7)
FNDA:9,(anonymous_8)
DA:4,1
DA:5,1
DA:6,1
DA:13,6
DA:17,9
DA:18,9
DA:19,9
DA:20,2
DA:22,7
DA:23,6
DA:24,6
DA:26,1
DA:32,1
LF:13
LH:13
BRDA:19,0,0,2
BRDA:19,0,1,7
BRF:2
BRH:2
end_of_record
TN:
SF:src\usecases\todo-list\delete-todo-list\delete-todo-list.ts
FN:10,(anonymous_7)
FN:14,(anonymous_8)
FNF:2
FNH:2
FNDA:6,(anonymous_7)
FNDA:6,(anonymous_8)
DA:1,1
DA:2,1
DA:6,1
DA:11,6
DA:15,6
DA:16,6
DA:17,4
DA:18,1
DA:20,3
DA:22,2
DA:28,1
LF:11
LH:11
BRDA:17,0,0,1
BRDA:17,0,1,3
BRF:2
BRH:2
end_of_record
TN:
SF:src\usecases\todo-list\find-all-todo-lists\find-all-todo-lists.ts
FN:9,(anonymous_7)
FN:13,(anonymous_8)
FNF:2
FNH:2
FNDA:5,(anonymous_7)
FNDA:5,(anonymous_8)
DA:2,1
DA:3,1
DA:10,5
DA:14,5
DA:15,5
DA:16,3
DA:18,2
DA:24,1
LF:8
LH:8
BRF:0
BRH:0
end_of_record
TN:
SF:src\usecases\todo-list\find-todo-list-by-id\find-todo-list-by-id.ts
FN:11,(anonymous_7)
FN:15,(anonymous_8)
FNF:2
FNH:2
FNDA:3,(anonymous_7)
FNDA:3,(anonymous_8)
DA:2,1
DA:3,1
DA:7,1
DA:12,3
DA:16,3
DA:17,3
DA:18,2
DA:19,1
DA:21,1
DA:23,1
DA:29,1
LF:11
LH:11
BRDA:18,0,0,1
BRDA:18,0,1,1
BRF:2
BRH:2
end_of_record
TN:
SF:src\usecases\todo-list\shared\errors\todo-list-not-found-error.ts
FN:3,(anonymous_0)
FNF:1
FNH:1
FNDA:14,(anonymous_0)
DA:1,1
DA:2,14
DA:4,14
LF:3
LH:3
BRF:0
BRH:0
end_of_record
TN:
SF:src\usecases\todo-list\update-todo-list\update-todo-list.ts
FN:15,(anonymous_7)
FN:19,(anonymous_8)
FNF:2
FNH:2
FNDA:5,(anonymous_7)
FNDA:5,(anonymous_8)
DA:5,1
DA:6,1
DA:7,1
DA:11,1
DA:16,5
DA:20,5
DA:21,5
DA:22,4
DA:23,1
DA:25,3
DA:29,3
DA:30,1
DA:32,2
DA:33,2
DA:34,1
DA:36,1
DA:37,1
DA:39,1
DA:45,1
LF:19
LH:19
BRDA:22,0,0,1
BRDA:22,0,1,3
BRDA:29,1,0,1
BRDA:29,1,1,2
BRDA:33,2,0,1
BRDA:33,2,1,1
BRF:6
BRH:6
end_of_record
TN:
SF:src\usecases\todo\create-new-todo\create-new-todo.ts
FN:16,(anonymous_7)
FN:20,(anonymous_8)
FNF:2
FNH:2
FNDA:8,(anonymous_7)
FNDA:13,(anonymous_8)
DA:4,1
DA:5,1
DA:6,1
DA:10,1
DA:17,8
DA:21,13
DA:22,13
DA:23,12
DA:24,1
DA:26,11
DA:27,11
DA:28,11
DA:29,2
DA:31,9
DA:32,9
DA:33,9
DA:34,1
DA:36,8
DA:38,1
DA:43,1
LF:20
LH:20
BRDA:23,0,0,1
BRDA:23,0,1,11
BRDA:28,1,0,2
BRDA:28,1,1,9
BRDA:33,2,0,1
BRDA:33,2,1,8
BRF:6
BRH:6
end_of_record
TN:
SF:src\usecases\todo\delete-todo\delete-todo.ts
FN:11,(anonymous_7)
FN:15,(anonymous_8)
FNF:2
FNH:2
FNDA:8,(anonymous_7)
FNDA:8,(anonymous_8)
DA:1,1
DA:2,1
DA:3,1
DA:6,1
DA:7,1
DA:12,8
DA:16,8
DA:17,8
DA:18,7
DA:19,2
DA:21,5
DA:22,5
DA:23,5
DA:24,1
DA:26,4
DA:27,4
DA:28,4
DA:29,1
DA:31,3
DA:33,1
DA:38,1
LF:21
LH:21
BRDA:18,0,0,2
BRDA:18,0,1,5
BRDA:23,1,0,1
BRDA:23,1,1,4
BRDA:28,2,0,1
BRDA:28,2,1,3
BRF:6
BRH:6
end_of_record
TN:
SF:src\usecases\todo\find-all-todos\find-all-todos.ts
FN:10,(anonymous_7)
FN:14,(anonymous_8)
FNF:2
FNH:2
FNDA:6,(anonymous_7)
FNDA:6,(anonymous_8)
DA:2,1
DA:3,1
DA:6,1
DA:11,6
DA:15,6
DA:16,6
DA:17,5
DA:18,2
DA:20,3
DA:22,1
DA:27,1
LF:11
LH:11
BRDA:17,0,0,2
BRDA:17,0,1,3
BRF:2
BRH:2
end_of_record
TN:
SF:src\usecases\todo\find-todo-by-id\find-todo-by-id.ts
FN:12,(anonymous_7)
FN:16,(anonymous_8)
FNF:2
FNH:2
FNDA:7,(anonymous_7)
FNDA:9,(anonymous_8)
DA:2,1
DA:3,1
DA:4,1
DA:7,1
DA:8,1
DA:13,7
DA:17,9
DA:18,9
DA:19,8
DA:20,2
DA:22,6
DA:23,6
DA:24,6
DA:25,2
DA:27,4
DA:29,1
DA:34,1
LF:17
LH:17
BRDA:19,0,0,2
BRDA:19,0,1,6
BRDA:24,1,0,2
BRDA:24,1,1,4
BRF:4
BRH:4
end_of_record
TN:
SF:src\usecases\todo\shared\errors\todo-not-found-error.ts
FN:3,(anonymous_0)
FNF:1
FNH:1
FNDA:5,(anonymous_0)
DA:1,1
DA:2,5
DA:4,5
LF:3
LH:3
BRF:0
BRH:0
end_of_record
TN:
SF:src\usecases\todo\update-todo\update-todo.ts
FN:18,(anonymous_7)
FN:22,(anonymous_8)
FNF:2
FNH:2
FNDA:8,(anonymous_7)
FNDA:8,(anonymous_8)
DA:4,1
DA:5,1
DA:6,1
DA:10,1
DA:19,8
DA:23,8
DA:24,8
DA:25,7
DA:26,2
DA:28,5
DA:29,5
DA:30,5
DA:31,1
DA:33,4
DA:37,4
DA:38,1
DA:40,3
DA:42,1
DA:47,1
LF:19
LH:19
BRDA:25,0,0,2
BRDA:25,0,1,5
BRDA:30,1,0,1
BRDA:30,1,1,4
BRDA:37,2,0,1
BRDA:37,2,1,3
BRF:6
BRH:6
end_of_record
TN:
SF:src\usecases\user\create-user.ts
FN:17,(anonymous_8)
FN:22,(anonymous_9)
FNF:2
FNH:2
FNDA:7,(anonymous_8)
FNDA:9,(anonymous_9)
DA:5,1
DA:6,1
DA:11,1
DA:12,1
DA:18,7
DA:19,7
DA:23,9
DA:24,9
DA:25,2
DA:27,7
DA:28,7
DA:29,1
DA:31,6
DA:35,6
DA:36,6
DA:37,6
DA:38,1
DA:40,5
DA:41,5
DA:45,1
LF:20
LH:20
BRDA:24,0,0,2
BRDA:24,0,1,7
BRDA:28,1,0,1
BRDA:28,1,1,6
BRDA:37,2,0,1
BRDA:37,2,1,5
BRF:6
BRH:6
end_of_record
TN:
SF:src\usecases\user\errors\UserAlreadyExists.ts
FN:3,(anonymous_0)
FNF:1
FNH:1
FNDA:1,(anonymous_0)
DA:1,1
DA:2,1
DA:4,1
LF:3
LH:3
BRF:0
BRH:0
end_of_record
TN:
SF:src\usecases\user\errors\UserCreateError.ts
FN:3,(anonymous_0)
FNF:1
FNH:1
FNDA:1,(anonymous_0)
DA:1,1
DA:2,1
DA:4,1
LF:3
LH:3
BRF:0
BRH:0
end_of_record
TN:
SF:src\usecases\user\errors\UserNotFoundError.ts
FN:3,(anonymous_0)
FNF:1
FNH:1
FNDA:2,(anonymous_0)
DA:1,1
DA:2,2
DA:4,2
LF:3
LH:3
BRF:0
BRH:0
end_of_record
TN:
SF:src\web-controllers\auth\authentication-controller.ts
FN:12,(anonymous_7)
FN:16,(anonymous_8)
FNF:2
FNH:2
FNDA:3,(anonymous_7)
FNDA:4,(anonymous_8)
DA:4,1
DA:5,1
DA:13,3
DA:17,4
DA:18,4
DA:19,2
DA:26,2
DA:33,1
LF:8
LH:8
BRDA:18,0,0,2
BRDA:18,0,1,2
BRF:2
BRH:2
end_of_record
TN:
SF:src\web-controllers\helper\http-response-builder.ts
FN:8,(anonymous_0)
FN:16,(anonymous_1)
FN:24,(anonymous_2)
FN:32,(anonymous_3)
FNF:4
FNH:4
FNDA:32,(anonymous_0)
FNDA:13,(anonymous_1)
FNDA:2,(anonymous_2)
FNDA:2,(anonymous_3)
DA:8,32
DA:16,13
DA:24,2
DA:32,2
DA:40,1
LF:5
LH:5
BRF:0
BRH:0
end_of_record
TN:
SF:src\web-controllers\helper\id-property-name-converter.ts
FN:13,(anonymous_1)
FN:16,(anonymous_2)
FNF:2
FNH:2
FNDA:37,(anonymous_1)
FNDA:8,(anonymous_2)
DA:13,1
DA:14,37
DA:15,37
DA:16,8
DA:17,8
DA:18,8
DA:23,8
DA:29,29
DA:35,1
LF:9
LH:9
BRDA:15,0,0,8
BRDA:15,0,1,29
BRDA:15,1,0,22
BRDA:15,1,1,15
BRDA:15,2,0,37
BRDA:15,2,1,37
BRF:6
BRH:6
end_of_record
TN:
SF:src\web-controllers\todo\create-todo-controller.ts
FN:12,(anonymous_7)
FN:16,(anonymous_8)
FNF:2
FNH:2
FNDA:3,(anonymous_7)
FNDA:8,(anonymous_8)
DA:4,1
DA:5,1
DA:13,3
DA:17,8
DA:18,8
DA:19,1
DA:26,7
DA:34,1
LF:8
LH:8
BRDA:18,0,0,1
BRDA:18,0,1,7
BRF:2
BRH:2
end_of_record
TN:
SF:src\web-controllers\todo\delete-todo-controller.ts
FN:11,(anonymous_7)
FN:15,(anonymous_8)
FNF:2
FNH:2
FNDA:3,(anonymous_7)
FNDA:3,(anonymous_8)
DA:3,1
DA:4,1
DA:12,3
DA:16,3
DA:17,3
DA:18,1
DA:25,2
DA:35,1
LF:8
LH:8
BRDA:17,0,0,1
BRDA:17,0,1,2
BRF:2
BRH:2
end_of_record
TN:
SF:src\web-controllers\todo\find-all-todo-controller.ts
FN:13,(anonymous_7)
FN:17,(anonymous_8)
FNF:2
FNH:2
FNDA:3,(anonymous_7)
FNDA:3,(anonymous_8)
DA:4,1
DA:5,1
DA:14,3
DA:18,3
DA:19,3
DA:20,1
DA:27,2
DA:35,1
LF:8
LH:8
BRDA:19,0,0,1
BRDA:19,0,1,2
BRF:2
BRH:2
end_of_record
TN:
SF:src\web-controllers\todo\find-specific-todo-controller.ts
FN:10,(anonymous_7)
FN:14,(anonymous_8)
FNF:2
FNH:2
FNDA:3,(anonymous_7)
FNDA:5,(anonymous_8)
DA:3,1
DA:4,1
DA:11,3
DA:15,5
DA:16,5
DA:17,2
DA:24,3
DA:32,1
LF:8
LH:8
BRDA:16,0,0,2
BRDA:16,0,1,3
BRF:2
BRH:2
end_of_record
TN:
SF:src\web-controllers\todo\update-todo-controller.ts
FN:13,(anonymous_7)
FN:17,(anonymous_8)
FNF:2
FNH:2
FNDA:3,(anonymous_7)
FNDA:3,(anonymous_8)
DA:3,1
DA:4,1
DA:14,3
DA:18,3
DA:19,3
DA:20,1
DA:27,2
DA:35,1
LF:8
LH:8
BRDA:19,0,0,1
BRDA:19,0,1,2
BRF:2
BRH:2
end_of_record
TN:
SF:src\web-controllers\todo-list\create-todo-list-controller.ts
FN:11,(anonymous_7)
FN:15,(anonymous_8)
FNF:2
FNH:2
FNDA:3,(anonymous_7)
FNDA:6,(anonymous_8)
DA:3,1
DA:4,1
DA:12,3
DA:16,6
DA:17,6
DA:18,1
DA:25,5
DA:33,1
LF:8
LH:8
BRDA:17,0,0,1
BRDA:17,0,1,5
BRF:2
BRH:2
end_of_record
TN:
SF:src\web-controllers\todo-list\delete-todo-list-controller.ts
FN:14,(anonymous_7)
FN:18,(anonymous_8)
FNF:2
FNH:2
FNDA:3,(anonymous_7)
FNDA:3,(anonymous_8)
DA:2,1
DA:15,3
DA:19,3
DA:20,3
DA:21,1
DA:28,2
DA:38,1
LF:7
LH:7
BRDA:20,0,0,1
BRDA:20,0,1,2
BRF:2
BRH:2
end_of_record
TN:
SF:src\web-controllers\todo-list\find-all-todo-lists-controller.ts
FN:11,(anonymous_7)
FN:15,(anonymous_8)
FN:27,(anonymous_10)
FNF:3
FNH:3
FNDA:3,(anonymous_7)
FNDA:3,(anonymous_8)
FNDA:4,(anonymous_10)
DA:2,1
DA:3,1
DA:12,3
DA:16,3
DA:17,3
DA:18,1
DA:25,2
DA:27,4
DA:33,1
LF:9
LH:9
BRDA:17,0,0,1
BRDA:17,0,1,2
BRF:2
BRH:2
end_of_record
TN:
SF:src\web-controllers\user\create-user-controller.ts
FN:12,(anonymous_7)
FN:16,(anonymous_8)
FNF:2
FNH:2
FNDA:3,(anonymous_7)
FNDA:5,(anonymous_8)
DA:4,1
DA:5,1
DA:13,3
DA:17,5
DA:18,5
DA:19,1
DA:26,4
DA:33,1
LF:8
LH:8
BRDA:18,0,0,1
BRDA:18,0,1,4
BRF:2
BRH:2
end_of_record
